{"C:\\Users\\Admin\\OneDrive - VeBuIn\\Documents\\Internship Tasks\\NODE\\DB_CRUD_ORM\\src\\application\\use_cases\\user\\deleteUserUseCase.ts": {"path":"C:\\Users\\Admin\\OneDrive - VeBuIn\\Documents\\Internship Tasks\\NODE\\DB_CRUD_ORM\\src\\application\\use_cases\\user\\deleteUserUseCase.ts","statementMap":{"0":{"start":{"line":5,"column":33},"end":{"line":24,"column":2}},"1":{"start":{"line":10,"column":4},"end":{"line":24,"column":2}},"2":{"start":{"line":11,"column":2},"end":{"line":14,"column":3}},"3":{"start":{"line":12,"column":17},"end":{"line":12,"column":42}},"4":{"start":{"line":13,"column":4},"end":{"line":13,"column":16}},"5":{"start":{"line":16,"column":23},"end":{"line":16,"column":60}},"6":{"start":{"line":18,"column":2},"end":{"line":21,"column":3}},"7":{"start":{"line":19,"column":16},"end":{"line":19,"column":43}},"8":{"start":{"line":20,"column":4},"end":{"line":20,"column":16}},"9":{"start":{"line":23,"column":2},"end":{"line":23,"column":40}},"10":{"start":{"line":5,"column":13},"end":{"line":5,"column":33}}},"fnMap":{"0":{"name":"(anonymous_7)","decl":{"start":{"line":5,"column":33},"end":{"line":5,"column":null}},"loc":{"start":{"line":10,"column":4},"end":{"line":24,"column":2}}},"1":{"name":"(anonymous_8)","decl":{"start":{"line":10,"column":4},"end":{"line":10,"column":null}},"loc":{"start":{"line":10,"column":4},"end":{"line":24,"column":1}}}},"branchMap":{"0":{"loc":{"start":{"line":11,"column":2},"end":{"line":14,"column":3}},"type":"if","locations":[{"start":{"line":11,"column":2},"end":{"line":14,"column":3}}]},"1":{"loc":{"start":{"line":11,"column":6},"end":{"line":11,"column":59}},"type":"binary-expr","locations":[{"start":{"line":11,"column":6},"end":{"line":11,"column":32}},{"start":{"line":11,"column":36},"end":{"line":11,"column":59}}]},"2":{"loc":{"start":{"line":18,"column":2},"end":{"line":21,"column":3}},"type":"if","locations":[{"start":{"line":18,"column":2},"end":{"line":21,"column":3}}]}},"s":{"0":1,"1":3,"2":3,"3":1,"4":1,"5":2,"6":2,"7":1,"8":1,"9":1,"10":1},"f":{"0":3,"1":3},"b":{"0":[1],"1":[3,2],"2":[1]}}
,"C:\\Users\\Admin\\OneDrive - VeBuIn\\Documents\\Internship Tasks\\NODE\\DB_CRUD_ORM\\src\\application\\use_cases\\user\\getUserDetailsUseCase.ts": {"path":"C:\\Users\\Admin\\OneDrive - VeBuIn\\Documents\\Internship Tasks\\NODE\\DB_CRUD_ORM\\src\\application\\use_cases\\user\\getUserDetailsUseCase.ts","statementMap":{"0":{"start":{"line":5,"column":37},"end":{"line":23,"column":2}},"1":{"start":{"line":11,"column":4},"end":{"line":23,"column":2}},"2":{"start":{"line":12,"column":2},"end":{"line":14,"column":3}},"3":{"start":{"line":13,"column":4},"end":{"line":13,"column":40}},"4":{"start":{"line":15,"column":2},"end":{"line":22,"column":3}},"5":{"start":{"line":16,"column":17},"end":{"line":16,"column":54}},"6":{"start":{"line":17,"column":4},"end":{"line":20,"column":5}},"7":{"start":{"line":18,"column":20},"end":{"line":18,"column":47}},"8":{"start":{"line":19,"column":6},"end":{"line":19,"column":18}},"9":{"start":{"line":21,"column":4},"end":{"line":21,"column":16}},"10":{"start":{"line":5,"column":13},"end":{"line":5,"column":37}}},"fnMap":{"0":{"name":"(anonymous_7)","decl":{"start":{"line":5,"column":37},"end":{"line":5,"column":null}},"loc":{"start":{"line":11,"column":4},"end":{"line":23,"column":2}}},"1":{"name":"(anonymous_8)","decl":{"start":{"line":11,"column":4},"end":{"line":11,"column":null}},"loc":{"start":{"line":11,"column":4},"end":{"line":23,"column":1}}}},"branchMap":{"0":{"loc":{"start":{"line":12,"column":2},"end":{"line":14,"column":3}},"type":"if","locations":[{"start":{"line":12,"column":2},"end":{"line":14,"column":3}}]},"1":{"loc":{"start":{"line":12,"column":6},"end":{"line":12,"column":33}},"type":"binary-expr","locations":[{"start":{"line":12,"column":6},"end":{"line":12,"column":13}},{"start":{"line":12,"column":17},"end":{"line":12,"column":33}}]},"2":{"loc":{"start":{"line":15,"column":2},"end":{"line":22,"column":3}},"type":"if","locations":[{"start":{"line":15,"column":2},"end":{"line":22,"column":3}}]},"3":{"loc":{"start":{"line":17,"column":4},"end":{"line":20,"column":5}},"type":"if","locations":[{"start":{"line":17,"column":4},"end":{"line":20,"column":5}}]}},"s":{"0":1,"1":0,"2":0,"3":0,"4":0,"5":0,"6":0,"7":0,"8":0,"9":0,"10":1},"f":{"0":0,"1":0},"b":{"0":[0],"1":[0,0],"2":[0],"3":[0]}}
,"C:\\Users\\Admin\\OneDrive - VeBuIn\\Documents\\Internship Tasks\\NODE\\DB_CRUD_ORM\\src\\application\\use_cases\\user\\updateUserUseCase.ts": {"path":"C:\\Users\\Admin\\OneDrive - VeBuIn\\Documents\\Internship Tasks\\NODE\\DB_CRUD_ORM\\src\\application\\use_cases\\user\\updateUserUseCase.ts","statementMap":{"0":{"start":{"line":4,"column":0},"end":{"line":4,"column":76}},"1":{"start":{"line":6,"column":33},"end":{"line":27,"column":2}},"2":{"start":{"line":11,"column":4},"end":{"line":27,"column":2}},"3":{"start":{"line":13,"column":2},"end":{"line":15,"column":3}},"4":{"start":{"line":14,"column":4},"end":{"line":14,"column":36}},"5":{"start":{"line":16,"column":23},"end":{"line":16,"column":67}},"6":{"start":{"line":17,"column":2},"end":{"line":19,"column":3}},"7":{"start":{"line":18,"column":4},"end":{"line":18,"column":38}},"8":{"start":{"line":20,"column":2},"end":{"line":25,"column":3}},"9":{"start":{"line":21,"column":25},"end":{"line":21,"column":77}},"10":{"start":{"line":22,"column":4},"end":{"line":24,"column":5}},"11":{"start":{"line":23,"column":6},"end":{"line":23,"column":48}},"12":{"start":{"line":26,"column":2},"end":{"line":26,"column":44}},"13":{"start":{"line":6,"column":13},"end":{"line":6,"column":33}}},"fnMap":{"0":{"name":"(anonymous_7)","decl":{"start":{"line":6,"column":33},"end":{"line":6,"column":null}},"loc":{"start":{"line":11,"column":4},"end":{"line":27,"column":2}}},"1":{"name":"(anonymous_8)","decl":{"start":{"line":11,"column":4},"end":{"line":11,"column":null}},"loc":{"start":{"line":11,"column":4},"end":{"line":27,"column":1}}}},"branchMap":{"0":{"loc":{"start":{"line":13,"column":2},"end":{"line":15,"column":3}},"type":"if","locations":[{"start":{"line":13,"column":2},"end":{"line":15,"column":3}}]},"1":{"loc":{"start":{"line":17,"column":2},"end":{"line":19,"column":3}},"type":"if","locations":[{"start":{"line":17,"column":2},"end":{"line":19,"column":3}}]},"2":{"loc":{"start":{"line":20,"column":2},"end":{"line":25,"column":3}},"type":"if","locations":[{"start":{"line":20,"column":2},"end":{"line":25,"column":3}}]},"3":{"loc":{"start":{"line":22,"column":4},"end":{"line":24,"column":5}},"type":"if","locations":[{"start":{"line":22,"column":4},"end":{"line":24,"column":5}}]},"4":{"loc":{"start":{"line":22,"column":8},"end":{"line":22,"column":57}},"type":"binary-expr","locations":[{"start":{"line":22,"column":8},"end":{"line":22,"column":20}},{"start":{"line":22,"column":24},"end":{"line":22,"column":57}}]}},"s":{"0":1,"1":1,"2":0,"3":0,"4":0,"5":0,"6":0,"7":0,"8":0,"9":0,"10":0,"11":0,"12":0,"13":1},"f":{"0":0,"1":0},"b":{"0":[0],"1":[0],"2":[0],"3":[0],"4":[0,0]}}
,"C:\\Users\\Admin\\OneDrive - VeBuIn\\Documents\\Internship Tasks\\NODE\\DB_CRUD_ORM\\src\\domain\\schemas\\paramsSchema.ts": {"path":"C:\\Users\\Admin\\OneDrive - VeBuIn\\Documents\\Internship Tasks\\NODE\\DB_CRUD_ORM\\src\\domain\\schemas\\paramsSchema.ts","statementMap":{"0":{"start":{"line":1,"column":0},"end":{"line":1,"column":22}},"1":{"start":{"line":3,"column":21},"end":{"line":8,"column":2}},"2":{"start":{"line":10,"column":0},"end":{"line":10,"column":28}}},"fnMap":{},"branchMap":{},"s":{"0":1,"1":1,"2":1},"f":{},"b":{}}
,"C:\\Users\\Admin\\OneDrive - VeBuIn\\Documents\\Internship Tasks\\NODE\\DB_CRUD_ORM\\src\\domain\\schemas\\updateSchema.ts": {"path":"C:\\Users\\Admin\\OneDrive - VeBuIn\\Documents\\Internship Tasks\\NODE\\DB_CRUD_ORM\\src\\domain\\schemas\\updateSchema.ts","statementMap":{"0":{"start":{"line":1,"column":0},"end":{"line":1,"column":22}},"1":{"start":{"line":3,"column":13},"end":{"line":8,"column":3}}},"fnMap":{},"branchMap":{},"s":{"0":1,"1":1},"f":{},"b":{}}
,"C:\\Users\\Admin\\OneDrive - VeBuIn\\Documents\\Internship Tasks\\NODE\\DB_CRUD_ORM\\src\\infrastructure\\helpers\\middleware\\auth.ts": {"path":"C:\\Users\\Admin\\OneDrive - VeBuIn\\Documents\\Internship Tasks\\NODE\\DB_CRUD_ORM\\src\\infrastructure\\helpers\\middleware\\auth.ts","statementMap":{"0":{"start":{"line":2,"column":0},"end":{"line":2,"column":31}},"1":{"start":{"line":4,"column":30},"end":{"line":21,"column":1}},"2":{"start":{"line":9,"column":16},"end":{"line":9,"column":56}},"3":{"start":{"line":10,"column":2},"end":{"line":13,"column":3}},"4":{"start":{"line":11,"column":4},"end":{"line":11,"column":53}},"5":{"start":{"line":12,"column":4},"end":{"line":12,"column":11}},"6":{"start":{"line":14,"column":2},"end":{"line":20,"column":3}},"7":{"start":{"line":15,"column":20},"end":{"line":15,"column":74}},"8":{"start":{"line":16,"column":4},"end":{"line":16,"column":30}},"9":{"start":{"line":17,"column":4},"end":{"line":17,"column":11}},"10":{"start":{"line":19,"column":4},"end":{"line":19,"column":53}},"11":{"start":{"line":4,"column":13},"end":{"line":4,"column":30}}},"fnMap":{"0":{"name":"(anonymous_1)","decl":{"start":{"line":4,"column":30},"end":{"line":4,"column":null}},"loc":{"start":{"line":8,"column":10},"end":{"line":21,"column":1}}}},"branchMap":{"0":{"loc":{"start":{"line":9,"column":16},"end":{"line":9,"column":56}},"type":"cond-expr","locations":[{"start":{"line":9,"column":41},"end":{"line":9,"column":43}},{"start":{"line":9,"column":41},"end":{"line":9,"column":56}}]},"1":{"loc":{"start":{"line":9,"column":16},"end":{"line":9,"column":43}},"type":"binary-expr","locations":[{"start":{"line":9,"column":16},"end":{"line":9,"column":43}},{"start":{"line":9,"column":41},"end":{"line":9,"column":43}}]},"2":{"loc":{"start":{"line":10,"column":2},"end":{"line":13,"column":3}},"type":"if","locations":[{"start":{"line":10,"column":2},"end":{"line":13,"column":3}}]},"3":{"loc":{"start":{"line":15,"column":38},"end":{"line":15,"column":73}},"type":"binary-expr","locations":[{"start":{"line":15,"column":38},"end":{"line":15,"column":60}},{"start":{"line":15,"column":64},"end":{"line":15,"column":73}}]}},"s":{"0":1,"1":1,"2":3,"3":3,"4":0,"5":0,"6":3,"7":3,"8":3,"9":3,"10":0,"11":1},"f":{"0":3},"b":{"0":[0,3],"1":[3,3],"2":[0],"3":[3,3]}}
,"C:\\Users\\Admin\\OneDrive - VeBuIn\\Documents\\Internship Tasks\\NODE\\DB_CRUD_ORM\\src\\infrastructure\\helpers\\middleware\\transaction.ts": {"path":"C:\\Users\\Admin\\OneDrive - VeBuIn\\Documents\\Internship Tasks\\NODE\\DB_CRUD_ORM\\src\\infrastructure\\helpers\\middleware\\transaction.ts","statementMap":{"0":{"start":{"line":2,"column":0},"end":{"line":2,"column":63}},"1":{"start":{"line":4,"column":29},"end":{"line":8,"column":null}},"2":{"start":{"line":4,"column":85},"end":{"line":8,"column":null}},"3":{"start":{"line":5,"column":4},"end":{"line":7,"column":null}},"4":{"start":{"line":5,"column":80},"end":{"line":7,"column":6}},"5":{"start":{"line":6,"column":8},"end":{"line":6,"column":null}},"6":{"start":{"line":4,"column":13},"end":{"line":4,"column":29}}},"fnMap":{"0":{"name":"(anonymous_7)","decl":{"start":{"line":4,"column":29},"end":{"line":4,"column":38}},"loc":{"start":{"line":4,"column":85},"end":{"line":8,"column":null}}},"1":{"name":"(anonymous_8)","decl":{"start":{"line":4,"column":85},"end":{"line":4,"column":null}},"loc":{"start":{"line":4,"column":85},"end":{"line":8,"column":1}}},"2":{"name":"(anonymous_9)","decl":{"start":{"line":5,"column":43},"end":{"line":5,"column":50}},"loc":{"start":{"line":5,"column":80},"end":{"line":7,"column":6}}},"3":{"name":"(anonymous_10)","decl":{"start":{"line":5,"column":80},"end":{"line":5,"column":null}},"loc":{"start":{"line":5,"column":80},"end":{"line":7,"column":5}}}},"branchMap":{},"s":{"0":1,"1":1,"2":3,"3":3,"4":3,"5":3,"6":1},"f":{"0":3,"1":3,"2":3,"3":3},"b":{}}
,"C:\\Users\\Admin\\OneDrive - VeBuIn\\Documents\\Internship Tasks\\NODE\\DB_CRUD_ORM\\src\\infrastructure\\helpers\\middleware\\validateSchema.ts": {"path":"C:\\Users\\Admin\\OneDrive - VeBuIn\\Documents\\Internship Tasks\\NODE\\DB_CRUD_ORM\\src\\infrastructure\\helpers\\middleware\\validateSchema.ts","statementMap":{"0":{"start":{"line":5,"column":2},"end":{"line":14,"column":3}},"1":{"start":{"line":6,"column":2},"end":{"line":14,"column":3}},"2":{"start":{"line":7,"column":22},"end":{"line":7,"column":69}},"3":{"start":{"line":8,"column":4},"end":{"line":11,"column":5}},"4":{"start":{"line":9,"column":6},"end":{"line":9,"column":64}},"5":{"start":{"line":10,"column":6},"end":{"line":10,"column":13}},"6":{"start":{"line":13,"column":4},"end":{"line":13,"column":11}},"7":{"start":{"line":4,"column":13},"end":{"line":4,"column":null}}},"fnMap":{"0":{"name":"(anonymous_0)","decl":{"start":{"line":5,"column":2},"end":{"line":5,"column":3}},"loc":{"start":{"line":6,"column":2},"end":{"line":14,"column":3}}},"1":{"name":"(anonymous_1)","decl":{"start":{"line":6,"column":2},"end":{"line":6,"column":3}},"loc":{"start":{"line":6,"column":60},"end":{"line":14,"column":3}}}},"branchMap":{"0":{"loc":{"start":{"line":8,"column":4},"end":{"line":11,"column":5}},"type":"if","locations":[{"start":{"line":8,"column":4},"end":{"line":11,"column":5}}]}},"s":{"0":1,"1":2,"2":3,"3":3,"4":0,"5":0,"6":3,"7":1},"f":{"0":2,"1":3},"b":{"0":[0]}}
,"C:\\Users\\Admin\\OneDrive - VeBuIn\\Documents\\Internship Tasks\\NODE\\DB_CRUD_ORM\\src\\infrastructure\\helpers\\orm\\typeorm\\config\\ormconfig.ts": {"path":"C:\\Users\\Admin\\OneDrive - VeBuIn\\Documents\\Internship Tasks\\NODE\\DB_CRUD_ORM\\src\\infrastructure\\helpers\\orm\\typeorm\\config\\ormconfig.ts","statementMap":{"0":{"start":{"line":1,"column":0},"end":{"line":1,"column":37}},"1":{"start":{"line":2,"column":0},"end":{"line":2,"column":28}},"2":{"start":{"line":3,"column":0},"end":{"line":3,"column":23}},"3":{"start":{"line":5,"column":0},"end":{"line":5,"column":16}},"4":{"start":{"line":7,"column":13},"end":{"line":20,"column":3}}},"fnMap":{},"branchMap":{},"s":{"0":1,"1":1,"2":1,"3":1,"4":1},"f":{},"b":{}}
,"C:\\Users\\Admin\\OneDrive - VeBuIn\\Documents\\Internship Tasks\\NODE\\DB_CRUD_ORM\\src\\infrastructure\\helpers\\orm\\typeorm\\entities\\user.ts": {"path":"C:\\Users\\Admin\\OneDrive - VeBuIn\\Documents\\Internship Tasks\\NODE\\DB_CRUD_ORM\\src\\infrastructure\\helpers\\orm\\typeorm\\entities\\user.ts","statementMap":{"0":{"start":{"line":1,"column":0},"end":{"line":1,"column":65}},"1":{"start":{"line":4,"column":7},"end":{"line":19,"column":null}},"2":{"start":{"line":4,"column":13},"end":{"line":4,"column":17}},"3":{"start":{"line":6,"column":4},"end":{"line":6,"column":null}},"4":{"start":{"line":9,"column":4},"end":{"line":9,"column":null}},"5":{"start":{"line":12,"column":4},"end":{"line":12,"column":null}},"6":{"start":{"line":15,"column":4},"end":{"line":15,"column":null}},"7":{"start":{"line":18,"column":4},"end":{"line":18,"column":null}},"8":{"start":{"line":4,"column":13},"end":{"line":19,"column":null}}},"fnMap":{},"branchMap":{},"s":{"0":1,"1":1,"2":1,"3":1,"4":1,"5":1,"6":1,"7":1,"8":1},"f":{},"b":{}}
,"C:\\Users\\Admin\\OneDrive - VeBuIn\\Documents\\Internship Tasks\\NODE\\DB_CRUD_ORM\\src\\infrastructure\\reposiritories\\auth.repo.ts": {"path":"C:\\Users\\Admin\\OneDrive - VeBuIn\\Documents\\Internship Tasks\\NODE\\DB_CRUD_ORM\\src\\infrastructure\\reposiritories\\auth.repo.ts","statementMap":{"0":{"start":{"line":4,"column":0},"end":{"line":4,"column":68}},"1":{"start":{"line":5,"column":0},"end":{"line":5,"column":60}},"2":{"start":{"line":7,"column":13},"end":{"line":68,"column":2}},"3":{"start":{"line":14,"column":27},"end":{"line":28,"column":null}},"4":{"start":{"line":15,"column":17},"end":{"line":26,"column":15}},"5":{"start":{"line":27,"column":4},"end":{"line":27,"column":24}},"6":{"start":{"line":36,"column":21},"end":{"line":49,"column":null}},"7":{"start":{"line":37,"column":4},"end":{"line":48,"column":17}},"8":{"start":{"line":53,"column":26},"end":{"line":67,"column":null}},"9":{"start":{"line":54,"column":17},"end":{"line":65,"column":15}},"10":{"start":{"line":66,"column":4},"end":{"line":66,"column":24}}},"fnMap":{"0":{"name":"(anonymous_7)","decl":{"start":{"line":11,"column":14},"end":{"line":11,"column":null}},"loc":{"start":{"line":14,"column":27},"end":{"line":28,"column":null}}},"1":{"name":"(anonymous_8)","decl":{"start":{"line":14,"column":27},"end":{"line":14,"column":null}},"loc":{"start":{"line":14,"column":27},"end":{"line":28,"column":3}}},"2":{"name":"(anonymous_9)","decl":{"start":{"line":30,"column":18},"end":{"line":30,"column":null}},"loc":{"start":{"line":36,"column":21},"end":{"line":49,"column":null}}},"3":{"name":"(anonymous_10)","decl":{"start":{"line":36,"column":21},"end":{"line":36,"column":null}},"loc":{"start":{"line":36,"column":21},"end":{"line":49,"column":3}}},"4":{"name":"(anonymous_11)","decl":{"start":{"line":50,"column":20},"end":{"line":50,"column":null}},"loc":{"start":{"line":53,"column":26},"end":{"line":67,"column":null}}},"5":{"name":"(anonymous_12)","decl":{"start":{"line":53,"column":26},"end":{"line":53,"column":null}},"loc":{"start":{"line":53,"column":26},"end":{"line":67,"column":3}}}},"branchMap":{},"s":{"0":1,"1":1,"2":1,"3":0,"4":0,"5":0,"6":0,"7":0,"8":0,"9":0,"10":0},"f":{"0":0,"1":0,"2":0,"3":0,"4":0,"5":0},"b":{}}
,"C:\\Users\\Admin\\OneDrive - VeBuIn\\Documents\\Internship Tasks\\NODE\\DB_CRUD_ORM\\src\\infrastructure\\reposiritories\\user.repo.ts": {"path":"C:\\Users\\Admin\\OneDrive - VeBuIn\\Documents\\Internship Tasks\\NODE\\DB_CRUD_ORM\\src\\infrastructure\\reposiritories\\user.repo.ts","statementMap":{"0":{"start":{"line":3,"column":0},"end":{"line":3,"column":68}},"1":{"start":{"line":5,"column":0},"end":{"line":5,"column":60}},"2":{"start":{"line":7,"column":13},"end":{"line":71,"column":2}},"3":{"start":{"line":10,"column":70},"end":{"line":25,"column":null}},"4":{"start":{"line":12,"column":25},"end":{"line":22,"column":16}},"5":{"start":{"line":24,"column":4},"end":{"line":24,"column":26}},"6":{"start":{"line":30,"column":21},"end":{"line":45,"column":null}},"7":{"start":{"line":31,"column":17},"end":{"line":42,"column":15}},"8":{"start":{"line":44,"column":4},"end":{"line":44,"column":24}},"9":{"start":{"line":49,"column":21},"end":{"line":58,"column":null}},"10":{"start":{"line":51,"column":4},"end":{"line":56,"column":17}},"11":{"start":{"line":62,"column":21},"end":{"line":70,"column":null}},"12":{"start":{"line":63,"column":4},"end":{"line":68,"column":15}}},"fnMap":{"0":{"name":"(anonymous_7)","decl":{"start":{"line":10,"column":14},"end":{"line":10,"column":21}},"loc":{"start":{"line":10,"column":70},"end":{"line":25,"column":null}}},"1":{"name":"(anonymous_8)","decl":{"start":{"line":10,"column":70},"end":{"line":10,"column":null}},"loc":{"start":{"line":10,"column":70},"end":{"line":25,"column":3}}},"2":{"name":"(anonymous_9)","decl":{"start":{"line":27,"column":15},"end":{"line":27,"column":null}},"loc":{"start":{"line":30,"column":21},"end":{"line":45,"column":null}}},"3":{"name":"(anonymous_10)","decl":{"start":{"line":30,"column":21},"end":{"line":30,"column":null}},"loc":{"start":{"line":30,"column":21},"end":{"line":45,"column":3}}},"4":{"name":"(anonymous_11)","decl":{"start":{"line":46,"column":15},"end":{"line":46,"column":null}},"loc":{"start":{"line":49,"column":21},"end":{"line":58,"column":null}}},"5":{"name":"(anonymous_12)","decl":{"start":{"line":49,"column":21},"end":{"line":49,"column":null}},"loc":{"start":{"line":49,"column":21},"end":{"line":58,"column":3}}},"6":{"name":"(anonymous_13)","decl":{"start":{"line":59,"column":15},"end":{"line":59,"column":null}},"loc":{"start":{"line":62,"column":21},"end":{"line":70,"column":null}}},"7":{"name":"(anonymous_14)","decl":{"start":{"line":62,"column":21},"end":{"line":62,"column":null}},"loc":{"start":{"line":62,"column":21},"end":{"line":70,"column":3}}}},"branchMap":{},"s":{"0":1,"1":1,"2":1,"3":0,"4":0,"5":0,"6":2,"7":2,"8":2,"9":1,"10":1,"11":0,"12":0},"f":{"0":0,"1":0,"2":2,"3":2,"4":1,"5":1,"6":0,"7":0},"b":{}}
,"C:\\Users\\Admin\\OneDrive - VeBuIn\\Documents\\Internship Tasks\\NODE\\DB_CRUD_ORM\\src\\interface\\controllers\\deleteUserController.ts": {"path":"C:\\Users\\Admin\\OneDrive - VeBuIn\\Documents\\Internship Tasks\\NODE\\DB_CRUD_ORM\\src\\interface\\controllers\\deleteUserController.ts","statementMap":{"0":{"start":{"line":2,"column":0},"end":{"line":2,"column":87}},"1":{"start":{"line":5,"column":0},"end":{"line":5,"column":73}},"2":{"start":{"line":9,"column":2},"end":{"line":33,"column":4}},"3":{"start":{"line":9,"column":30},"end":{"line":33,"column":4}},"4":{"start":{"line":9,"column":68},"end":{"line":33,"column":4}},"5":{"start":{"line":10,"column":33},"end":{"line":10,"column":48}},"6":{"start":{"line":11,"column":27},"end":{"line":11,"column":54}},"7":{"start":{"line":12,"column":4},"end":{"line":32,"column":5}},"8":{"start":{"line":13,"column":6},"end":{"line":15,"column":9}},"9":{"start":{"line":13,"column":64},"end":{"line":15,"column":8}},"10":{"start":{"line":14,"column":8},"end":{"line":14,"column":72}},"11":{"start":{"line":17,"column":6},"end":{"line":17,"column":64}},"12":{"start":{"line":19,"column":6},"end":{"line":19,"column":49}},"13":{"start":{"line":21,"column":6},"end":{"line":25,"column":7}},"14":{"start":{"line":22,"column":8},"end":{"line":24,"column":73}},"15":{"start":{"line":27,"column":6},"end":{"line":29,"column":7}},"16":{"start":{"line":28,"column":8},"end":{"line":28,"column":70}},"17":{"start":{"line":31,"column":6},"end":{"line":31,"column":63}},"18":{"start":{"line":8,"column":13},"end":{"line":8,"column":null}}},"fnMap":{"0":{"name":"(anonymous_7)","decl":{"start":{"line":9,"column":2},"end":{"line":9,"column":3}},"loc":{"start":{"line":9,"column":30},"end":{"line":33,"column":4}}},"1":{"name":"(anonymous_8)","decl":{"start":{"line":9,"column":30},"end":{"line":9,"column":37}},"loc":{"start":{"line":9,"column":68},"end":{"line":33,"column":4}}},"2":{"name":"(anonymous_9)","decl":{"start":{"line":9,"column":68},"end":{"line":9,"column":null}},"loc":{"start":{"line":9,"column":68},"end":{"line":33,"column":3}}},"3":{"name":"(anonymous_10)","decl":{"start":{"line":13,"column":37},"end":{"line":13,"column":44}},"loc":{"start":{"line":13,"column":64},"end":{"line":15,"column":8}}},"4":{"name":"(anonymous_11)","decl":{"start":{"line":13,"column":64},"end":{"line":13,"column":null}},"loc":{"start":{"line":13,"column":64},"end":{"line":15,"column":7}}}},"branchMap":{"0":{"loc":{"start":{"line":21,"column":6},"end":{"line":25,"column":7}},"type":"if","locations":[{"start":{"line":21,"column":6},"end":{"line":25,"column":7}}]},"1":{"loc":{"start":{"line":27,"column":6},"end":{"line":29,"column":7}},"type":"if","locations":[{"start":{"line":27,"column":6},"end":{"line":29,"column":7}}]}},"s":{"0":1,"1":1,"2":1,"3":1,"4":3,"5":3,"6":3,"7":3,"8":3,"9":3,"10":3,"11":1,"12":2,"13":2,"14":1,"15":1,"16":1,"17":0,"18":1},"f":{"0":1,"1":3,"2":3,"3":3,"4":3},"b":{"0":[1],"1":[1]}}
,"C:\\Users\\Admin\\OneDrive - VeBuIn\\Documents\\Internship Tasks\\NODE\\DB_CRUD_ORM\\src\\interface\\controllers\\getUserDetailsController.ts": {"path":"C:\\Users\\Admin\\OneDrive - VeBuIn\\Documents\\Internship Tasks\\NODE\\DB_CRUD_ORM\\src\\interface\\controllers\\getUserDetailsController.ts","statementMap":{"0":{"start":{"line":2,"column":0},"end":{"line":2,"column":95}},"1":{"start":{"line":5,"column":0},"end":{"line":5,"column":73}},"2":{"start":{"line":8,"column":2},"end":{"line":28,"column":4}},"3":{"start":{"line":8,"column":30},"end":{"line":28,"column":4}},"4":{"start":{"line":8,"column":68},"end":{"line":28,"column":4}},"5":{"start":{"line":9,"column":25},"end":{"line":9,"column":40}},"6":{"start":{"line":10,"column":20},"end":{"line":10,"column":48}},"7":{"start":{"line":11,"column":4},"end":{"line":27,"column":5}},"8":{"start":{"line":12,"column":23},"end":{"line":15,"column":null}},"9":{"start":{"line":13,"column":35},"end":{"line":15,"column":null}},"10":{"start":{"line":14,"column":10},"end":{"line":14,"column":77}},"11":{"start":{"line":17,"column":6},"end":{"line":19,"column":76}},"12":{"start":{"line":21,"column":6},"end":{"line":21,"column":56}},"13":{"start":{"line":23,"column":6},"end":{"line":25,"column":7}},"14":{"start":{"line":24,"column":8},"end":{"line":24,"column":65}},"15":{"start":{"line":26,"column":6},"end":{"line":26,"column":77}},"16":{"start":{"line":7,"column":13},"end":{"line":7,"column":null}}},"fnMap":{"0":{"name":"(anonymous_7)","decl":{"start":{"line":8,"column":2},"end":{"line":8,"column":3}},"loc":{"start":{"line":8,"column":30},"end":{"line":28,"column":4}}},"1":{"name":"(anonymous_8)","decl":{"start":{"line":8,"column":30},"end":{"line":8,"column":37}},"loc":{"start":{"line":8,"column":68},"end":{"line":28,"column":4}}},"2":{"name":"(anonymous_9)","decl":{"start":{"line":8,"column":68},"end":{"line":8,"column":null}},"loc":{"start":{"line":8,"column":68},"end":{"line":28,"column":3}}},"3":{"name":"(anonymous_10)","decl":{"start":{"line":13,"column":8},"end":{"line":13,"column":15}},"loc":{"start":{"line":13,"column":35},"end":{"line":15,"column":null}}},"4":{"name":"(anonymous_11)","decl":{"start":{"line":13,"column":35},"end":{"line":13,"column":null}},"loc":{"start":{"line":13,"column":35},"end":{"line":15,"column":9}}}},"branchMap":{"0":{"loc":{"start":{"line":23,"column":6},"end":{"line":25,"column":7}},"type":"if","locations":[{"start":{"line":23,"column":6},"end":{"line":25,"column":7}}]}},"s":{"0":1,"1":1,"2":1,"3":1,"4":0,"5":0,"6":0,"7":0,"8":0,"9":0,"10":0,"11":0,"12":0,"13":0,"14":0,"15":0,"16":1},"f":{"0":1,"1":0,"2":0,"3":0,"4":0},"b":{"0":[0]}}
,"C:\\Users\\Admin\\OneDrive - VeBuIn\\Documents\\Internship Tasks\\NODE\\DB_CRUD_ORM\\src\\interface\\controllers\\updateUserController.ts": {"path":"C:\\Users\\Admin\\OneDrive - VeBuIn\\Documents\\Internship Tasks\\NODE\\DB_CRUD_ORM\\src\\interface\\controllers\\updateUserController.ts","statementMap":{"0":{"start":{"line":2,"column":0},"end":{"line":2,"column":87}},"1":{"start":{"line":6,"column":0},"end":{"line":6,"column":73}},"2":{"start":{"line":10,"column":2},"end":{"line":33,"column":4}},"3":{"start":{"line":10,"column":30},"end":{"line":33,"column":4}},"4":{"start":{"line":10,"column":68},"end":{"line":33,"column":4}},"5":{"start":{"line":11,"column":33},"end":{"line":11,"column":48}},"6":{"start":{"line":12,"column":35},"end":{"line":12,"column":43}},"7":{"start":{"line":14,"column":4},"end":{"line":32,"column":5}},"8":{"start":{"line":15,"column":6},"end":{"line":17,"column":9}},"9":{"start":{"line":15,"column":64},"end":{"line":17,"column":8}},"10":{"start":{"line":16,"column":8},"end":{"line":16,"column":68}},"11":{"start":{"line":19,"column":6},"end":{"line":19,"column":69}},"12":{"start":{"line":21,"column":6},"end":{"line":21,"column":49}},"13":{"start":{"line":23,"column":6},"end":{"line":31,"column":7}},"14":{"start":{"line":24,"column":8},"end":{"line":24,"column":56}},"15":{"start":{"line":25,"column":13},"end":{"line":31,"column":7}},"16":{"start":{"line":26,"column":8},"end":{"line":26,"column":58}},"17":{"start":{"line":27,"column":13},"end":{"line":31,"column":7}},"18":{"start":{"line":28,"column":8},"end":{"line":28,"column":66}},"19":{"start":{"line":30,"column":8},"end":{"line":30,"column":65}},"20":{"start":{"line":9,"column":13},"end":{"line":9,"column":null}}},"fnMap":{"0":{"name":"(anonymous_7)","decl":{"start":{"line":10,"column":2},"end":{"line":10,"column":3}},"loc":{"start":{"line":10,"column":30},"end":{"line":33,"column":4}}},"1":{"name":"(anonymous_8)","decl":{"start":{"line":10,"column":30},"end":{"line":10,"column":37}},"loc":{"start":{"line":10,"column":68},"end":{"line":33,"column":4}}},"2":{"name":"(anonymous_9)","decl":{"start":{"line":10,"column":68},"end":{"line":10,"column":null}},"loc":{"start":{"line":10,"column":68},"end":{"line":33,"column":3}}},"3":{"name":"(anonymous_10)","decl":{"start":{"line":15,"column":37},"end":{"line":15,"column":44}},"loc":{"start":{"line":15,"column":64},"end":{"line":17,"column":8}}},"4":{"name":"(anonymous_11)","decl":{"start":{"line":15,"column":64},"end":{"line":15,"column":null}},"loc":{"start":{"line":15,"column":64},"end":{"line":17,"column":7}}}},"branchMap":{"0":{"loc":{"start":{"line":23,"column":6},"end":{"line":31,"column":7}},"type":"if","locations":[{"start":{"line":23,"column":6},"end":{"line":31,"column":7}},{"start":{"line":25,"column":13},"end":{"line":31,"column":7}}]},"1":{"loc":{"start":{"line":25,"column":13},"end":{"line":31,"column":7}},"type":"if","locations":[{"start":{"line":25,"column":13},"end":{"line":31,"column":7}},{"start":{"line":27,"column":13},"end":{"line":31,"column":7}}]},"2":{"loc":{"start":{"line":27,"column":13},"end":{"line":31,"column":7}},"type":"if","locations":[{"start":{"line":27,"column":13},"end":{"line":31,"column":7}},{"start":{"line":29,"column":13},"end":{"line":31,"column":7}}]}},"s":{"0":1,"1":1,"2":1,"3":1,"4":0,"5":0,"6":0,"7":0,"8":0,"9":0,"10":0,"11":0,"12":0,"13":0,"14":0,"15":0,"16":0,"17":0,"18":0,"19":0,"20":1},"f":{"0":1,"1":0,"2":0,"3":0,"4":0},"b":{"0":[0,0],"1":[0,0],"2":[0,0]}}
,"C:\\Users\\Admin\\OneDrive - VeBuIn\\Documents\\Internship Tasks\\NODE\\DB_CRUD_ORM\\src\\interface\\routes\\userRoutes.ts": {"path":"C:\\Users\\Admin\\OneDrive - VeBuIn\\Documents\\Internship Tasks\\NODE\\DB_CRUD_ORM\\src\\interface\\routes\\userRoutes.ts","statementMap":{"0":{"start":{"line":1,"column":0},"end":{"line":1,"column":30}},"1":{"start":{"line":2,"column":0},"end":{"line":2,"column":83}},"2":{"start":{"line":3,"column":0},"end":{"line":3,"column":75}},"3":{"start":{"line":4,"column":0},"end":{"line":4,"column":75}},"4":{"start":{"line":5,"column":0},"end":{"line":5,"column":78}},"5":{"start":{"line":6,"column":0},"end":{"line":6,"column":88}},"6":{"start":{"line":7,"column":0},"end":{"line":7,"column":65}},"7":{"start":{"line":8,"column":0},"end":{"line":8,"column":73}},"8":{"start":{"line":9,"column":0},"end":{"line":9,"column":61}},"9":{"start":{"line":11,"column":15},"end":{"line":11,"column":31}},"10":{"start":{"line":13,"column":0},"end":{"line":13,"column":70}},"11":{"start":{"line":14,"column":0},"end":{"line":14,"column":98}},"12":{"start":{"line":15,"column":0},"end":{"line":15,"column":106}},"13":{"start":{"line":17,"column":0},"end":{"line":17,"column":22}}},"fnMap":{},"branchMap":{},"s":{"0":1,"1":1,"2":1,"3":1,"4":1,"5":1,"6":1,"7":1,"8":1,"9":1,"10":1,"11":1,"12":1,"13":1},"f":{},"b":{}}
}
