TN:
SF:src\application\use_cases\user\deleteUserUseCase.ts
FN:5,(anonymous_7)
FN:10,(anonymous_8)
FNF:2
FNH:2
FNDA:3,(anonymous_7)
FNDA:3,(anonymous_8)
DA:5,1
DA:10,3
DA:11,3
DA:12,1
DA:13,1
DA:16,2
DA:18,2
DA:19,1
DA:20,1
DA:23,1
LF:10
LH:10
BRDA:11,0,0,1
BRDA:11,1,0,3
BRDA:11,1,1,2
BRDA:18,2,0,1
BRF:4
BRH:4
end_of_record
TN:
SF:src\application\use_cases\user\getUserDetailsUseCase.ts
FN:5,(anonymous_7)
FN:11,(anonymous_8)
FNF:2
FNH:0
FNDA:0,(anonymous_7)
FNDA:0,(anonymous_8)
DA:5,1
DA:11,0
DA:12,0
DA:13,0
DA:15,0
DA:16,0
DA:17,0
DA:18,0
DA:19,0
DA:21,0
LF:10
LH:1
BRDA:12,0,0,0
BRDA:12,1,0,0
BRDA:12,1,1,0
BRDA:15,2,0,0
BRDA:17,3,0,0
BRF:5
BRH:0
end_of_record
TN:
SF:src\application\use_cases\user\updateUserUseCase.ts
FN:6,(anonymous_7)
FN:11,(anonymous_8)
FNF:2
FNH:0
FNDA:0,(anonymous_7)
FNDA:0,(anonymous_8)
DA:4,1
DA:6,1
DA:11,0
DA:13,0
DA:14,0
DA:16,0
DA:17,0
DA:18,0
DA:20,0
DA:21,0
DA:22,0
DA:23,0
DA:26,0
LF:13
LH:2
BRDA:13,0,0,0
BRDA:17,1,0,0
BRDA:20,2,0,0
BRDA:22,3,0,0
BRDA:22,4,0,0
BRDA:22,4,1,0
BRF:6
BRH:0
end_of_record
TN:
SF:src\domain\schemas\paramsSchema.ts
FNF:0
FNH:0
DA:1,1
DA:3,1
DA:10,1
LF:3
LH:3
BRF:0
BRH:0
end_of_record
TN:
SF:src\domain\schemas\updateSchema.ts
FNF:0
FNH:0
DA:1,1
DA:3,1
LF:2
LH:2
BRF:0
BRH:0
end_of_record
TN:
SF:src\infrastructure\helpers\middleware\auth.ts
FN:4,(anonymous_1)
FNF:1
FNH:1
FNDA:3,(anonymous_1)
DA:2,1
DA:4,1
DA:9,3
DA:10,3
DA:11,0
DA:12,0
DA:14,3
DA:15,3
DA:16,3
DA:17,3
DA:19,0
LF:11
LH:8
BRDA:9,0,0,0
BRDA:9,0,1,3
BRDA:9,1,0,3
BRDA:9,1,1,3
BRDA:10,2,0,0
BRDA:15,3,0,3
BRDA:15,3,1,3
BRF:7
BRH:5
end_of_record
TN:
SF:src\infrastructure\helpers\middleware\transaction.ts
FN:4,(anonymous_7)
FN:4,(anonymous_8)
FN:5,(anonymous_9)
FN:5,(anonymous_10)
FNF:4
FNH:4
FNDA:3,(anonymous_7)
FNDA:3,(anonymous_8)
FNDA:3,(anonymous_9)
FNDA:3,(anonymous_10)
DA:2,1
DA:4,3
DA:5,3
DA:6,3
LF:4
LH:4
BRF:0
BRH:0
end_of_record
TN:
SF:src\infrastructure\helpers\middleware\validateSchema.ts
FN:5,(anonymous_0)
FN:6,(anonymous_1)
FNF:2
FNH:2
FNDA:2,(anonymous_0)
FNDA:3,(anonymous_1)
DA:4,1
DA:5,1
DA:6,2
DA:7,3
DA:8,3
DA:9,0
DA:10,0
DA:13,3
LF:8
LH:6
BRDA:8,0,0,0
BRF:1
BRH:0
end_of_record
TN:
SF:src\infrastructure\helpers\orm\typeorm\config\ormconfig.ts
FNF:0
FNH:0
DA:1,1
DA:2,1
DA:3,1
DA:5,1
DA:7,1
LF:5
LH:5
BRF:0
BRH:0
end_of_record
TN:
SF:src\infrastructure\helpers\orm\typeorm\entities\user.ts
FNF:0
FNH:0
DA:1,1
DA:4,1
DA:6,1
DA:9,1
DA:12,1
DA:15,1
DA:18,1
LF:7
LH:7
BRF:0
BRH:0
end_of_record
TN:
SF:src\infrastructure\reposiritories\auth.repo.ts
FN:11,(anonymous_7)
FN:14,(anonymous_8)
FN:30,(anonymous_9)
FN:36,(anonymous_10)
FN:50,(anonymous_11)
FN:53,(anonymous_12)
FNF:6
FNH:0
FNDA:0,(anonymous_7)
FNDA:0,(anonymous_8)
FNDA:0,(anonymous_9)
FNDA:0,(anonymous_10)
FNDA:0,(anonymous_11)
FNDA:0,(anonymous_12)
DA:4,1
DA:5,1
DA:7,1
DA:14,0
DA:15,0
DA:27,0
DA:36,0
DA:37,0
DA:53,0
DA:54,0
DA:66,0
LF:11
LH:3
BRF:0
BRH:0
end_of_record
TN:
SF:src\infrastructure\reposiritories\user.repo.ts
FN:10,(anonymous_7)
FN:10,(anonymous_8)
FN:27,(anonymous_9)
FN:30,(anonymous_10)
FN:46,(anonymous_11)
FN:49,(anonymous_12)
FN:59,(anonymous_13)
FN:62,(anonymous_14)
FNF:8
FNH:4
FNDA:0,(anonymous_7)
FNDA:0,(anonymous_8)
FNDA:2,(anonymous_9)
FNDA:2,(anonymous_10)
FNDA:1,(anonymous_11)
FNDA:1,(anonymous_12)
FNDA:0,(anonymous_13)
FNDA:0,(anonymous_14)
DA:3,1
DA:5,1
DA:7,1
DA:10,0
DA:12,0
DA:24,0
DA:30,2
DA:31,2
DA:44,2
DA:49,1
DA:51,1
DA:62,0
DA:63,0
LF:13
LH:8
BRF:0
BRH:0
end_of_record
TN:
SF:src\interface\controllers\deleteUserController.ts
FN:9,(anonymous_7)
FN:9,(anonymous_8)
FN:9,(anonymous_9)
FN:13,(anonymous_10)
FN:13,(anonymous_11)
FNF:5
FNH:5
FNDA:1,(anonymous_7)
FNDA:3,(anonymous_8)
FNDA:3,(anonymous_9)
FNDA:3,(anonymous_10)
FNDA:3,(anonymous_11)
DA:2,1
DA:5,1
DA:8,1
DA:9,3
DA:10,3
DA:11,3
DA:12,3
DA:13,3
DA:14,3
DA:17,1
DA:19,2
DA:21,2
DA:22,1
DA:27,1
DA:28,1
DA:31,0
LF:16
LH:15
BRDA:21,0,0,1
BRDA:27,1,0,1
BRF:2
BRH:2
end_of_record
TN:
SF:src\interface\controllers\getUserDetailsController.ts
FN:8,(anonymous_7)
FN:8,(anonymous_8)
FN:8,(anonymous_9)
FN:13,(anonymous_10)
FN:13,(anonymous_11)
FNF:5
FNH:1
FNDA:1,(anonymous_7)
FNDA:0,(anonymous_8)
FNDA:0,(anonymous_9)
FNDA:0,(anonymous_10)
FNDA:0,(anonymous_11)
DA:2,1
DA:5,1
DA:7,1
DA:8,1
DA:9,0
DA:10,0
DA:11,0
DA:12,0
DA:13,0
DA:14,0
DA:17,0
DA:21,0
DA:23,0
DA:24,0
DA:26,0
LF:15
LH:4
BRDA:23,0,0,0
BRF:1
BRH:0
end_of_record
TN:
SF:src\interface\controllers\updateUserController.ts
FN:10,(anonymous_7)
FN:10,(anonymous_8)
FN:10,(anonymous_9)
FN:15,(anonymous_10)
FN:15,(anonymous_11)
FNF:5
FNH:1
FNDA:1,(anonymous_7)
FNDA:0,(anonymous_8)
FNDA:0,(anonymous_9)
FNDA:0,(anonymous_10)
FNDA:0,(anonymous_11)
DA:2,1
DA:6,1
DA:9,1
DA:10,1
DA:11,0
DA:12,0
DA:14,0
DA:15,0
DA:16,0
DA:19,0
DA:21,0
DA:23,0
DA:24,0
DA:25,0
DA:26,0
DA:27,0
DA:28,0
DA:30,0
LF:18
LH:4
BRDA:23,0,0,0
BRDA:23,0,1,0
BRDA:25,1,0,0
BRDA:25,1,1,0
BRDA:27,2,0,0
BRDA:27,2,1,0
BRF:6
BRH:0
end_of_record
TN:
SF:src\interface\routes\userRoutes.ts
FNF:0
FNH:0
DA:1,1
DA:2,1
DA:3,1
DA:4,1
DA:5,1
DA:6,1
DA:7,1
DA:8,1
DA:9,1
DA:11,1
DA:13,1
DA:14,1
DA:15,1
DA:17,1
LF:14
LH:14
BRF:0
BRH:0
end_of_record
